{"F:\\proyectos\\DH\\Frontend-2-feb-2023\\semana-6\\intro-testing\\src\\components\\Counter\\Counter.tsx": {"path":"F:\\proyectos\\DH\\Frontend-2-feb-2023\\semana-6\\intro-testing\\src\\components\\Counter\\Counter.tsx","statementMap":{"0":{"start":{"line":9,"column":44},"end":{"line":21,"column":1}},"1":{"start":{"line":10,"column":27},"end":{"line":10,"column":42}},"2":{"start":{"line":11,"column":1},"end":{"line":20,"column":3}},"3":{"start":{"line":16,"column":27},"end":{"line":16,"column":57}},"4":{"start":{"line":16,"column":47},"end":{"line":16,"column":56}},"5":{"start":{"line":17,"column":27},"end":{"line":17,"column":57}},"6":{"start":{"line":17,"column":47},"end":{"line":17,"column":56}}},"fnMap":{"0":{"name":"(anonymous_0)","decl":{"start":{"line":9,"column":44},"end":{"line":9,"column":45}},"loc":{"start":{"line":9,"column":57},"end":{"line":21,"column":1}},"line":9},"1":{"name":"(anonymous_1)","decl":{"start":{"line":16,"column":21},"end":{"line":16,"column":22}},"loc":{"start":{"line":16,"column":27},"end":{"line":16,"column":57}},"line":16},"2":{"name":"(anonymous_2)","decl":{"start":{"line":16,"column":36},"end":{"line":16,"column":37}},"loc":{"start":{"line":16,"column":47},"end":{"line":16,"column":56}},"line":16},"3":{"name":"(anonymous_3)","decl":{"start":{"line":17,"column":21},"end":{"line":17,"column":22}},"loc":{"start":{"line":17,"column":27},"end":{"line":17,"column":57}},"line":17},"4":{"name":"(anonymous_4)","decl":{"start":{"line":17,"column":36},"end":{"line":17,"column":37}},"loc":{"start":{"line":17,"column":47},"end":{"line":17,"column":56}},"line":17}},"branchMap":{},"s":{"0":1,"1":4,"2":4,"3":1,"4":1,"5":0,"6":0},"f":{"0":4,"1":1,"2":1,"3":0,"4":0},"b":{},"_coverageSchema":"1a1c01bbd47fc00a2c39e90264f33305004495a9","hash":"4bcede439475468b44b555c5099a9ce908f77604"}
,"F:\\proyectos\\DH\\Frontend-2-feb-2023\\semana-6\\intro-testing\\src\\data\\technologies.ts": {"path":"F:\\proyectos\\DH\\Frontend-2-feb-2023\\semana-6\\intro-testing\\src\\data\\technologies.ts","statementMap":{"0":{"start":{"line":8,"column":42},"end":{"line":51,"column":1}}},"fnMap":{},"branchMap":{},"s":{"0":1},"f":{},"b":{},"_coverageSchema":"1a1c01bbd47fc00a2c39e90264f33305004495a9","hash":"101bba75b075f4e9038619435b953801ab7e742b"}
,"F:\\proyectos\\DH\\Frontend-2-feb-2023\\semana-6\\intro-testing\\src\\pruebas-base\\array.ts": {"path":"F:\\proyectos\\DH\\Frontend-2-feb-2023\\semana-6\\intro-testing\\src\\pruebas-base\\array.ts","statementMap":{"0":{"start":{"line":1,"column":31},"end":{"line":3,"column":1}},"1":{"start":{"line":2,"column":2},"end":{"line":2,"column":59}}},"fnMap":{"0":{"name":"(anonymous_0)","decl":{"start":{"line":1,"column":31},"end":{"line":1,"column":32}},"loc":{"start":{"line":1,"column":37},"end":{"line":3,"column":1}},"line":1}},"branchMap":{},"s":{"0":1,"1":1},"f":{"0":1},"b":{},"_coverageSchema":"1a1c01bbd47fc00a2c39e90264f33305004495a9","hash":"548a5901e2f65ebad45a4a876ec055a3f16ba454"}
,"F:\\proyectos\\DH\\Frontend-2-feb-2023\\semana-6\\intro-testing\\src\\pruebas-base\\callBack.ts": {"path":"F:\\proyectos\\DH\\Frontend-2-feb-2023\\semana-6\\intro-testing\\src\\pruebas-base\\callBack.ts","statementMap":{"0":{"start":{"line":1,"column":29},"end":{"line":3,"column":1}},"1":{"start":{"line":2,"column":2},"end":{"line":2,"column":42}},"2":{"start":{"line":5,"column":31},"end":{"line":7,"column":1}},"3":{"start":{"line":6,"column":2},"end":{"line":6,"column":23}}},"fnMap":{"0":{"name":"(anonymous_0)","decl":{"start":{"line":1,"column":29},"end":{"line":1,"column":30}},"loc":{"start":{"line":1,"column":54},"end":{"line":3,"column":1}},"line":1},"1":{"name":"(anonymous_1)","decl":{"start":{"line":5,"column":31},"end":{"line":5,"column":32}},"loc":{"start":{"line":5,"column":91},"end":{"line":7,"column":1}},"line":5}},"branchMap":{},"s":{"0":1,"1":1,"2":1,"3":1},"f":{"0":1,"1":1},"b":{},"_coverageSchema":"1a1c01bbd47fc00a2c39e90264f33305004495a9","hash":"875be0569f61bfb1934343765f3cbf7457d262e3"}
,"F:\\proyectos\\DH\\Frontend-2-feb-2023\\semana-6\\intro-testing\\src\\pruebas-base\\funciones.ts": {"path":"F:\\proyectos\\DH\\Frontend-2-feb-2023\\semana-6\\intro-testing\\src\\pruebas-base\\funciones.ts","statementMap":{"0":{"start":{"line":3,"column":38},"end":{"line":5,"column":1}},"1":{"start":{"line":4,"column":2},"end":{"line":4,"column":61}},"2":{"start":{"line":4,"column":39},"end":{"line":4,"column":59}}},"fnMap":{"0":{"name":"(anonymous_0)","decl":{"start":{"line":3,"column":38},"end":{"line":3,"column":39}},"loc":{"start":{"line":3,"column":56},"end":{"line":5,"column":1}},"line":3},"1":{"name":"(anonymous_1)","decl":{"start":{"line":4,"column":29},"end":{"line":4,"column":30}},"loc":{"start":{"line":4,"column":39},"end":{"line":4,"column":59}},"line":4}},"branchMap":{},"s":{"0":1,"1":2,"2":14},"f":{"0":2,"1":14},"b":{},"_coverageSchema":"1a1c01bbd47fc00a2c39e90264f33305004495a9","hash":"12a9d549140025f16aeeafcdb335eee098cc1624"}
,"F:\\proyectos\\DH\\Frontend-2-feb-2023\\semana-6\\intro-testing\\src\\pruebas-base\\number.ts": {"path":"F:\\proyectos\\DH\\Frontend-2-feb-2023\\semana-6\\intro-testing\\src\\pruebas-base\\number.ts","statementMap":{"0":{"start":{"line":1,"column":20},"end":{"line":1,"column":51}},"1":{"start":{"line":1,"column":46},"end":{"line":1,"column":51}}},"fnMap":{"0":{"name":"(anonymous_0)","decl":{"start":{"line":1,"column":20},"end":{"line":1,"column":21}},"loc":{"start":{"line":1,"column":46},"end":{"line":1,"column":51}},"line":1}},"branchMap":{},"s":{"0":1,"1":1},"f":{"0":1},"b":{},"_coverageSchema":"1a1c01bbd47fc00a2c39e90264f33305004495a9","hash":"fd603a18d7ce3e7518cb379466ee21abe31887ce"}
,"F:\\proyectos\\DH\\Frontend-2-feb-2023\\semana-6\\intro-testing\\src\\pruebas-base\\string.ts": {"path":"F:\\proyectos\\DH\\Frontend-2-feb-2023\\semana-6\\intro-testing\\src\\pruebas-base\\string.ts","statementMap":{"0":{"start":{"line":1,"column":25},"end":{"line":3,"column":1}},"1":{"start":{"line":2,"column":4},"end":{"line":2,"column":28}}},"fnMap":{"0":{"name":"(anonymous_0)","decl":{"start":{"line":1,"column":25},"end":{"line":1,"column":26}},"loc":{"start":{"line":1,"column":45},"end":{"line":3,"column":1}},"line":1}},"branchMap":{},"s":{"0":1,"1":1},"f":{"0":1},"b":{},"_coverageSchema":"1a1c01bbd47fc00a2c39e90264f33305004495a9","hash":"f2d186d9096b6224955b266f64f8e6cf1413e6de"}
}
